"../../../Engine/Content/Functions/Engine_MaterialFunctions01/Shading/PowerToRoughness.uasset" 0
"../../../Engine/Content/Functions/Engine_MaterialFunctions01/Shading/ConvertFromDiffSpec.uasset" 1
"../../../Engine/Content/EngineMaterials/DefaultDiffuse.uasset" 2
"../../../Engine/Content/EngineMaterials/DefaultDeferredDecalMaterial.uasset" 3
"../../../Engine/Content/EngineMaterials/DefaultLightFunctionMaterial.uasset" 4
"../../../Engine/Content/Functions/Engine_MaterialFunctions02/Utility/BreakOutFloat2Components.uasset" 5
"../../../Engine/Content/EngineMaterials/DefaultPostProcessMaterial.uasset" 6
"../../../Engine/Content/EditorMaterials/Camera/CineMat.uasset" 7
"../../../Engine/Content/EditorMaterials/Camera/MI_CineMat_Rig.uasset" 8
"../../../Engine/Content/EditorMeshes/Camera/SM_CraneRig_Base.uasset" 9
"../../../Engine/Content/EditorMeshes/Camera/SM_CraneRig_Arm.uasset" 10
"../../../Engine/Content/EditorMeshes/Camera/SM_CraneRig_Mount.uasset" 11
"../../../Engine/Content/EditorMeshes/Camera/SM_CraneRig_Body.uasset" 12
"../../../Engine/Content/EditorMeshes/Camera/SM_RailRig_Track.uasset" 13
"../../../Engine/Content/EditorMeshes/Camera/SM_RailRig_Mount.uasset" 14
"../../../Engine/Content/EngineResources/AICON-Red.uasset" 15
"../../../Engine/Content/EngineResources/AICON-Green.uasset" 16
"../../../Engine/Content/EngineFonts/Roboto.uasset" 17
"../../../Engine/Content/EngineResources/DefaultTexture.uasset" 18
"../../../Engine/Content/Functions/Engine_MaterialFunctions01/Texturing/ScaleUVsByCenter.uasset" 19
"../../../Engine/Content/Functions/Engine_MaterialFunctions02/ScreenResolution.uasset" 20
"../../../Engine/Content/Functions/Engine_MaterialFunctions02/Texturing/ScreenAlignedUVs.uasset" 21
"../../../Engine/Content/EngineResources/WhiteSquareTexture.uasset" 22
"../../../Engine/Content/EngineMaterials/Widget3DPassThrough.uasset" 23
"../../../Engine/Content/EngineMaterials/Widget3DPassThrough_Translucent.uasset" 24
"../../../Engine/Content/EngineMaterials/Widget3DPassThrough_Translucent_OneSided.uasset" 25
"../../../Engine/Content/EngineMaterials/Widget3DPassThrough_Opaque.uasset" 26
"../../../Engine/Content/EngineMaterials/Widget3DPassThrough_Opaque_OneSided.uasset" 27
"../../../Engine/Content/EngineMaterials/Widget3DPassThrough_Masked.uasset" 28
"../../../Engine/Content/EngineMaterials/Widget3DPassThrough_Masked_OneSided.uasset" 29
"../../../Engine/Content/EditorResources/S_Actor.uasset" 30
"../../../Engine/Content/EngineSky/EpicQuadPanorama_CC+EV1.uasset" 31
"../../../Engine/Content/Maps/Templates/Thumbnails/Default.uasset" 32
"../../../Engine/Content/Maps/Templates/Thumbnails/VR-Basic.uasset" 33
"../../../Engine/Content/EditorMaterials/ParticleSystems/PSysThumbnail_NoImage.uasset" 34
"../../../Engine/Content/EditorMaterials/ParticleSystems/PSysThumbnail_OOD.uasset" 35
"../../../Engine/Content/EditorLandscapeResources/DataLayer.uasset" 36
"../../../Engine/Content/EngineDamageTypes/DmgTypeBP_Environmental.uasset" 37
"../../../Engine/Content/EngineMeshes/Sphere.uasset" 38
"../../../Engine/Content/EngineFonts/RobotoDistanceField.uasset" 39
"../../../Engine/Content/EngineMaterials/DefaultTextMaterialOpaque.uasset" 40
"../../../Engine/Content/EditorResources/S_Trigger.uasset" 41
"../../../Engine/Content/EngineResources/GradientTexture0.uasset" 42
"../../../Engine/Content/EngineResources/Black.uasset" 43
"../../../Engine/Content/EditorMaterials/MatineeGroups/MAT_Groups_Float.uasset" 44
"../../../Engine/Content/EditorMaterials/MatineeGroups/MAT_Groups_Director.uasset" 45
"../../../Engine/Content/EditorMaterials/MatineeGroups/MAT_Groups_Event.uasset" 46
"../../../Engine/Content/EditorMaterials/MatineeGroups/MAT_Groups_Anim.uasset" 47
"../../../Engine/Content/EditorMaterials/MatineeGroups/MAT_Groups_Fade.uasset" 48
"../../../Engine/Content/EditorMaterials/MatineeGroups/MAT_Groups_Move.uasset" 49
"../../../Engine/Content/EditorMaterials/MatineeGroups/MAT_Groups_Slomo.uasset" 50
"../../../Engine/Content/EditorMaterials/MatineeGroups/MAT_ColorTrack.uasset" 51
"../../../Engine/Content/EditorMaterials/MAT_Groups_Toggle.uasset" 52
"../../../Engine/Content/EditorMaterials/MatineeGroups/MAT_Groups_AudioMaster.uasset" 53
"../../../Engine/Content/EditorMaterials/MatineeGroups/MAT_Groups_Sound.uasset" 54
"../../../Engine/Content/EditorMaterials/MatineeGroups/MAT_Groups_Vector.uasset" 55
"../../../Engine/Content/EditorMaterials/MAT_Groups_Visibility.uasset" 56
"../../../Engine/Content/EngineResources/DefaultTextureCube.uasset" 57
"../../../Engine/Content/Functions/Engine_MaterialFunctions01/Opacity/CameraDepthFade.uasset" 58
"../../../Engine/Content/EngineMaterials/T_Default_Material_Grid_M.uasset" 59
"../../../Engine/Content/EngineMaterials/T_Default_Material_Grid_N.uasset" 60
"../../../Engine/Content/EngineMaterials/DefaultMaterial.uasset" 61
"../../../Engine/Content/EngineMeshes/Cylinder.uasset" 62
"../../../Engine/Content/EngineTireTypes/DefaultTireType.uasset" 63
"../../../Engine/Content/VREditor/LaserPointer/VR_LaserPower_01.uasset" 64
"../../../Engine/Content/VREditor/TransformGizmo/TransformGizmoMaterial.uasset" 65
"../../../Engine/Content/VREditor/TransformGizmo/TranslucentTransformGizmoMaterial.uasset" 66
"../../../Engine/Content/VREditor/TransformGizmo/UniformScaleHandle.uasset" 67
"../../../Engine/Content/VREditor/TransformGizmo/TranslateHandleLong.uasset" 68
"../../../Engine/Content/VREditor/TransformGizmo/PlaneTranslationHandle.uasset" 69
"../../../Engine/Content/VREditor/TransformGizmo/RotationHandleFull.uasset" 70
"../../../Engine/Content/VREditor/TransformGizmo/StretchingHandle.uasset" 71
"../../../Engine/Content/VREditor/TransformGizmo/BoundingBoxCorner.uasset" 72
"../../../Engine/Content/VREditor/TransformGizmo/BoundingBoxEdge.uasset" 73
"../../../Engine/Content/VREditor/UI/SelectionBarMesh.uasset" 74
"../../../Engine/Content/VREditor/UI/CloseButtonMesh.uasset" 75
"../../../Engine/Content/VREditor/FloatingText/LineMaterial.uasset" 76
"../../../Engine/Content/VREditor/FloatingText/LineSegmentCylinder.uasset" 77
"../../../Engine/Content/VREditor/FloatingText/JointSphere.uasset" 78
"../../../Engine/Content/VREditor/Fonts/VRText_RobotoLarge.uasset" 79
"../../../Engine/Content/VREditor/Fonts/VRTextMaterial.uasset" 80
"../../../Engine/Content/VREditor/Fonts/TranslucentVRTextMaterial.uasset" 81
"../../../Engine/Content/VREditor/TransformGizmo/TranslationHandle.uasset" 82
"../../../Engine/Content/VREditor/TransformGizmo/RotationHandle.uasset" 83
"../../../Engine/Content/Functions/Engine_MaterialFunctions01/Gradient/RadialGradient.uasset" 84
"../../../Engine/Content/EditorLandscapeResources/FlattenHeightMat.uasset" 85
"../../../Engine/Content/VREditor/WorldMovementGrid/PlaneMesh.uasset" 86
"../../../Engine/Content/VREditor/WorldMovementGrid/SimpleGrid.uasset" 87
"../../../Engine/Content/VREditor/WorldMovementGrid/GridMaterial.uasset" 88
"../../../Engine/Content/VREditor/LaserPointer/LaserPointerMaterial.uasset" 89
"../../../Engine/Content/VREditor/LaserPointer/LaserPointerMaterialInst.uasset" 90
"../../../Engine/Content/VREditor/LaserPointer/TranslucentLaserPointerMaterialInst.uasset" 91
"../../../Engine/Content/VREditor/LaserPointer/LaserPointerMesh.uasset" 92
"../../../Engine/Content/Functions/Engine_MaterialFunctions01/Density/ExponentialDensity.uasset" 93
"../../../Engine/Content/VREditor/WorldMovementGrid/GridPostProcess.uasset" 94
"../../../Engine/Content/VREditor/Sounds/VR_teleport_Cue.uasset" 95
"../../../Engine/Content/VREditor/Sounds/VR_grab_Cue.uasset" 96
"../../../Engine/Content/Tutorial/Basics/LevelEditorAttract.uasset" 97
"../../../Engine/Content/Tutorial/Basics/TutorialAssets/icon_tab_Levels_40x.uasset" 98
"../../../Engine/Content/Tutorial/Basics/LevelEditorOverview.uasset" 99
"../../../Engine/Content/Tutorial/BlueprintTutorials/TutorialAssets/Blueprint_64x.uasset" 100
"../../../Engine/Content/Tutorial/BlueprintTutorials/BlueprintEditorTutorial.uasset" 101
"../../../Engine/Content/Tutorial/SubEditors/MaterialEditorTutorial.uasset" 102
"../../../Engine/Content/Tutorial/ContentIntroCurve.uasset" 103
"../../../Engine/Plugins/2D/Paper2D/Content/PlaceholderTextures/DummySpriteTexture.uasset" 104
"../../../Engine/Plugins/2D/Paper2D/Content/DefaultSpriteMaterial.uasset" 105
"../../../Engine/Plugins/2D/Paper2D/Content/MaskedUnlitSpriteMaterial.uasset" 106
"../../../Engine/Plugins/2D/Paper2D/Content/OpaqueUnlitSpriteMaterial.uasset" 107
"../../../Engine/Plugins/2D/Paper2D/Content/DummySprite.uasset" 108
"../../../Engine/Plugins/2D/Paper2D/Content/DefaultPaperTerrainMaterial.uasset" 109
"../../../Engine/Content/EngineMaterials/RemoveSurfaceMaterial.uasset" 110
"../../../Engine/Content/EngineDebugMaterials/DebugMeshMaterial.uasset" 111
"../../../Engine/Content/EngineMaterials/InvalidLightmapSettings.uasset" 112
"../../../Engine/Content/EngineMaterials/M_InvalidLightmapSettings.uasset" 113
"../../../Engine/Content/EditorMaterials/GizmoMaterial.uasset" 114
"../../../Engine/Content/EngineMaterials/PhAT_JointLimitMaterial.uasset" 115
"../../../Engine/Content/EngineMaterials/DefaultBokeh.uasset" 116
"../../../Engine/Content/EngineMaterials/PreintegratedSkinBRDF.uasset" 117
"../../../Engine/Content/EngineMaterials/MiniFont.uasset" 118
"../../../Engine/Content/EngineMaterials/WeightMapPlaceholderTexture.uasset" 119
"../../../Engine/Content/EngineMaterials/DefaultWhiteGrid.uasset" 120
"../../../Engine/Content/EngineMaterials/DefaultPhysicalMaterial.uasset" 121
"../../../Engine/Content/EngineFonts/RobotoTiny.uasset" 122
"../../../Engine/Content/EditorSounds/Notifications/CompileSuccess.uasset" 123
"../../../Engine/Content/EditorSounds/Notifications/CompileStart_Cue.uasset" 124
"../../../Engine/Content/EditorSounds/Notifications/CompileSuccess_Cue.uasset" 125
"../../../Engine/Content/EditorSounds/Notifications/CompileFailed.uasset" 126
"../../../Engine/Content/EditorSounds/Notifications/CompileFailed_Cue.uasset" 127
"../../../Engine/Content/EditorResources/AudioIcons/S_AudioComponent_AutoActivate.uasset" 128
"../../../Engine/Content/EditorResources/EmptyActor.uasset" 129
"../../../Engine/Content/EditorResources/AudioIcons/S_AudioComponent.uasset" 130
"../../../Engine/Content/EditorResources/LightIcons/S_LightError.uasset" 131
"../../../Engine/Content/MobileResources/HUD/MobileHUDButtonFire.uasset" 132
"../../../Engine/Content/MobileResources/HUD/VirtualJoystick_Background.uasset" 133
"../../../Engine/Content/MobileResources/HUD/VirtualJoystick_Thumb.uasset" 134
"../../../Engine/Content/MobileResources/HUD/DefaultVirtualJoysticks.uasset" 135
"../../../Engine/Content/MobileResources/HUD/MobileHUDDirectionPad.uasset" 136
"../../../Engine/Content/MobileResources/HUD/MobileHUDDirectionPad2.uasset" 137
"../../../Engine/Content/MobileResources/HUD/T_Castle_ThumbstickOutter.uasset" 138
"../../../Engine/Content/MobileResources/HUD/MobileHUDDirectionStick.uasset" 139
"../../../MyProject/Content/Audio/DoorClose_SC.uasset" 140
"../../../MyProject/Content/Audio/DoorOpen_SC.uasset" 141
"../../../MyProject/Content/Audio/Scissors_SC.uasset" 142
"../../../MyProject/Content/Audio/Dialog/04_SC.uasset" 143
"../../../MyProject/Content/Audio/Dialog/05_SC.uasset" 144
"../../../MyProject/Content/Audio/Dialog/06_SC.uasset" 145
"../../../MyProject/Content/Audio/Dialog/07_SC.uasset" 146
"../../../MyProject/Content/Audio/Dialog/08_SC.uasset" 147
"../../../MyProject/Content/Audio/Dialog/09_SC.uasset" 148
"../../../MyProject/Content/Audio/Dialog/10_SC.uasset" 149
"../../../MyProject/Content/Audio/Dialog/11_SC.uasset" 150
"../../../MyProject/Content/Audio/Dialog/12_SC.uasset" 151
"../../../MyProject/Content/Audio/Dialog/13_SC.uasset" 152
"../../../MyProject/Content/Audio/Dialog/14_SC.uasset" 153
"../../../MyProject/Content/Audio/Dialog/17_SC.uasset" 154
"../../../MyProject/Content/Audio/Dialog/18_SC.uasset" 155
"../../../MyProject/Content/Audio/Dialog/19_SC.uasset" 156
"../../../MyProject/Content/Audio/Dialog/20_SC.uasset" 157
"../../../MyProject/Content/Audio/Dialog/voiceover-21.uasset" 158
"../../../MyProject/Content/Audio/Dialog/voiceover-22.uasset" 159
"../../../MyProject/Content/Audio/Dialog/voiceover-23.uasset" 160
"../../../MyProject/Content/Audio/Dialog/voiceover-24.uasset" 161
"../../../MyProject/Content/Audio/Dialog/voiceover-25.uasset" 162
"../../../MyProject/Content/Characters/GirlReg/Capelli3.uasset" 163
"../../../MyProject/Content/Characters/GirlReg/hiding_Skeleton.uasset" 164
"../../../MyProject/Content/Characters/GirlReg/CharacterAnimBP.uasset" 165
"../../../MyProject/Content/Characters/GirlReg/Child_Laying_Skeleton.uasset" 166
"../../../MyProject/Content/Characters/GirlReg/laying_anim.uasset" 167
"../../../MyProject/Content/Characters/GirlReg/CharacterAnimUB_BP.uasset" 168
"../../../MyProject/Content/Characters/GirlReg/hiding_Anim.uasset" 169
"../../../MyProject/Content/Geometry/Meshes/CubeMaterial.uasset" 170
"../../../MyProject/Content/Geometry/Meshes/1M_Cube_Chamfer.uasset" 171
"../../../MyProject/Content/Geometry/Meshes/TemplateFloor.uasset" 172
"../../../MyProject/Content/Props/NightStand/knob.uasset" 173
"../../../MyProject/Content/Props/NightStand/lambert1.uasset" 174
"../../../MyProject/Content/Props/Frame/papertext.uasset" 175
"../../../MyProject/Content/Props/NightStand/lambert5.uasset" 176
"../../../MyProject/Content/Props/NightStand/lampbase.uasset" 177
"../../../MyProject/Content/Props/NightStand/lampshade.uasset" 178
"../../../MyProject/Content/Props/NightStand/table.uasset" 179
"../../../MyProject/Content/Props/NightStand/sidetable.uasset" 180
"../../../MyProject/Content/StarterContent/Materials/M_Basic_Wall.uasset" 181
"../../../MyProject/Content/StarterContent/Architecture/Pillar_50x500.uasset" 182
"../../../MyProject/Content/StarterContent/Architecture/Wall_400x300.uasset" 183
"../../../MyProject/Content/StarterContent/Architecture/Wall_500x500.uasset" 184
"../../../MyProject/Content/StarterContent/Audio/Light01_Cue.uasset" 185
"../../../MyProject/Content/StarterContent/Audio/Light02_Cue.uasset" 186
"../../../MyProject/Content/StarterContent/Audio/Explosion_Cue.uasset" 187
"../../../MyProject/Content/StarterContent/Textures/T_Burst_M.uasset" 188
"../../../MyProject/Content/StarterContent/Particles/Materials/M_Burst.uasset" 189
"../../../MyProject/Content/StarterContent/Textures/T_Explosion_SubUV.uasset" 190
"../../../MyProject/Content/StarterContent/Particles/Materials/M_explosion_subUV.uasset" 191
"../../../MyProject/Content/StarterContent/Particles/Materials/m_flare_01.uasset" 192
"../../../MyProject/Content/StarterContent/Particles/Materials/M_radial_ramp.uasset" 193
"../../../MyProject/Content/StarterContent/Textures/T_Smoke_SubUV.uasset" 194
"../../../MyProject/Content/StarterContent/Textures/T_Smoke_Tiled_D.uasset" 195
"../../../MyProject/Content/StarterContent/Particles/Materials/M_smoke_subUV.uasset" 196
"../../../MyProject/Content/StarterContent/Particles/P_Explosion.uasset" 197
"../../../MyProject/Content/StarterContent/Blueprints/Blueprint_Effect_Explosion.uasset" 198
"../../../Engine/Content/EditorMeshes/ColorCalibrator/T_ColorGrid.uasset" 199
"../../../MyProject/Content/StarterContent/Materials/M_ColorGrid_LowSpec.uasset" 200
"../../../MyProject/Content/StarterContent/Textures/T_Bush_D.uasset" 201
"../../../MyProject/Content/StarterContent/Textures/T_Bush_N.uasset" 202
"../../../MyProject/Content/StarterContent/Props/Materials/M_Bush.uasset" 203
"../../../MyProject/Content/StarterContent/Props/SM_Bush.uasset" 204
"../../../MyProject/Content/StarterContent/Textures/T_Chair_M.uasset" 205
"../../../MyProject/Content/StarterContent/Textures/T_Chair_N.uasset" 206
"../../../MyProject/Content/StarterContent/Props/Materials/M_Chair.uasset" 207
"../../../MyProject/Content/StarterContent/Props/SM_Couch.uasset" 208
"../../../MyProject/Content/StarterContent/Props/Materials/M_MaterialSphere.uasset" 209
"../../../MyProject/Content/StarterContent/Props/Materials/M_MaterialSphere_Plain.uasset" 210
"../../../MyProject/Content/StarterContent/Props/SM_MatPreviewMesh_02.uasset" 211
"../../../Engine/Content/Functions/Engine_MaterialFunctions02/Utility/BlendAngleCorrectedNormals.uasset" 212
"../../../MyProject/Content/StarterContent/Textures/T_Detail_Rocky_N.uasset" 213
"../../../MyProject/Content/StarterContent/Textures/T_Rock_Basalt_D.uasset" 214
"../../../MyProject/Content/StarterContent/Textures/T_RockMesh_M.uasset" 215
"../../../MyProject/Content/StarterContent/Textures/T_RockMesh_N.uasset" 216
"../../../MyProject/Content/StarterContent/Props/Materials/M_Rock.uasset" 217
"../../../MyProject/Content/StarterContent/Props/SM_Rock.uasset" 218
"../../../MyProject/Content/StarterContent/Textures/T_Shelf_M.uasset" 219
"../../../MyProject/Content/StarterContent/Textures/T_Shelf_N.uasset" 220
"../../../MyProject/Content/StarterContent/Props/Materials/M_Shelf.uasset" 221
"../../../MyProject/Content/StarterContent/Props/SM_Shelf.uasset" 222
"../../../MyProject/Content/StarterContent/Materials/M_Basic_Floor.uasset" 223
"../../../MyProject/Content/StarterContent/Props/SM_Stairs.uasset" 224
"../../../MyProject/Content/StarterContent/Shapes/Shape_Cone.uasset" 225
"../../../MyProject/Content/StarterContent/Shapes/Shape_Cylinder.uasset" 226
"../../../MyProject/Content/StarterContent/Shapes/Shape_NarrowCapsule.uasset" 227
"../../../MyProject/Content/StarterContent/Shapes/Shape_Pipe.uasset" 228
"../../../MyProject/Content/StarterContent/Shapes/Shape_Pipe_180.uasset" 229
"../../../MyProject/Content/StarterContent/Shapes/Shape_Pipe_90.uasset" 230
"../../../MyProject/Content/StarterContent/Shapes/Shape_Plane.uasset" 231
"../../../MyProject/Content/StarterContent/Shapes/Shape_Torus.uasset" 232
"../../../MyProject/Content/StarterContent/Shapes/Shape_Trim.uasset" 233
"../../../MyProject/Content/StarterContent/Shapes/Shape_Trim_90_In.uasset" 234
"../../../MyProject/Content/StarterContent/Shapes/Shape_Trim_90_Out.uasset" 235
"../../../MyProject/Content/StarterContent/Shapes/Shape_TriPyramid.uasset" 236
"../../../MyProject/Content/StarterContent/Shapes/Shape_Tube.uasset" 237
"../../../MyProject/Content/StarterContent/Shapes/Shape_Wedge_A.uasset" 238
"../../../MyProject/Content/StarterContent/Shapes/Shape_Wedge_B.uasset" 239
"../../../MyProject/Content/StarterContent/Shapes/Shape_WideCapsule.uasset" 240
"../../../Engine/Content/EditorBlueprintResources/StandardMacros.uasset" 241
"../../../MyProject/Content/TiggerBox/TriggerBP.uasset" 242
"../../../MyProject/Content/TiggerBox/EnterRoomBP.uasset" 243
"../../../Engine/Content/BasicShapes/Cone.uasset" 244
"../../../Engine/Content/EditorMaterials/PreviewShadowIndicator.uasset" 245
"../../../Engine/Content/EditorMaterials/PreviewShadowIndicatorMaterial.uasset" 246
"../../../Engine/Content/EditorResources/BSPVertex.uasset" 247
"../../../Engine/Content/EngineDebugMaterials/HeatmapGradient.uasset" 248
"../../../Engine/Content/EngineDebugMaterials/BoneWeightMaterial.uasset" 249
"../../../Engine/Content/EngineDebugMaterials/GeomMaterial.uasset" 250
"../../../Engine/Content/EngineMaterials/EditorBrushMaterial.uasset" 251
"../../../Engine/Content/MobileResources/T_MobileControls_texture.uasset" 252
"../../../Engine/Content/MobileResources/T_MobileMenu2.uasset" 253
"../../../Engine/Content/MobileResources/HUD/AnalogHat.uasset" 254
"../../../Engine/Content/MobileResources/HUD/LeftVirtualJoystickOnly.uasset" 255
"../../../Engine/Content/MobileResources/HUD/MobileHUDButton1_off.uasset" 256
"../../../Engine/Content/MobileResources/HUD/MobileHUDButton1_on.uasset" 257
"../../../Engine/Content/MobileResources/HUD/MobileHUDButton2_off.uasset" 258
"../../../Engine/Content/MobileResources/HUD/MobileHUDButton2_on.uasset" 259
"../../../Engine/Content/MobileResources/HUD/MobileHUDButton3.uasset" 260
"../../../Engine/Content/MobileResources/HUD/MobileHUDDirectionPad3.uasset" 261
"../../../Engine/Content/MobileResources/HUD/T_Castle_ThumbstickInner.uasset" 262
"../../../Engine/Content/Tutorial/BlueprintTutorials/TutorialAssets/BlueprintInterface_64x.uasset" 263
"../../../Engine/Content/Tutorial/BlueprintTutorials/BlueprintInterfacesEditorOverview.uasset" 264
"../../../Engine/Content/Tutorial/BlueprintTutorials/TutorialAssets/BlueprintMacroLibrary_64x.uasset" 265
"../../../Engine/Content/Tutorial/BlueprintTutorials/BlueprintMacroLibrariesEditorOverview.uasset" 266
"../../../Engine/Content/Tutorial/BlueprintTutorials/LevelBlueprintEditorOverview.uasset" 267
"../../../Engine/Content/Tutorial/Foliage/TutorialAssets/Foliage.uasset" 268
"../../../Engine/Content/Tutorial/Foliage/Foliage_Intro_Tutorial.uasset" 269
"../../../Engine/Content/Tutorial/Paper2D/TutorialAssets/Paper2DFlipbook_TutorialIcon.uasset" 270
"../../../Engine/Content/Tutorial/Paper2D/FlipbookEditorTutorial.uasset" 271
"../../../Engine/Content/Tutorial/Paper2D/TutorialAssets/Paper2DSprite_TutorialIcon.uasset" 272
"../../../Engine/Content/Tutorial/Paper2D/SpriteEditorTutorial.uasset" 273
"../../../Engine/Content/Tutorial/SubEditors/DestructibleMeshEditorTutorial.uasset" 274
"../../../Engine/Content/Tutorial/SubEditors/ParticleSystemEditorTutorial.uasset" 275
"../../../Engine/Content/Tutorial/SubEditors/TutorialAssets/icon_ShowSkeletalMeshes_40x.uasset" 276
"../../../Engine/Content/Tutorial/SubEditors/PersonaAnimEditorWalkthrough.uasset" 277
"../../../Engine/Content/Tutorial/SubEditors/StaticMeshEditorTutorial.uasset" 278
"../../../Engine/Content/Tutorial/SubEditors/TutorialAssets/icon_Editor_Preferences_General_40x.uasset" 279
"../../../MyProject/Content/Characters/GirlReg/CharacterAnimLayingBP.uasset" 280
"../../../MyProject/Content/Characters/GirlReg/underbed_anim.uasset" 281
"../../../MyProject/Content/Characters/GirlReg/CharacterUB_BP2.uasset" 282
"../../../MyProject/Content/Characters/GirlReg/Abbigliamento1.uasset" 283
"../../../MyProject/Content/Characters/GirlReg/Capelli.uasset" 284
"../../../MyProject/Content/Characters/GirlReg/Capelli1.uasset" 285
"../../../MyProject/Content/Characters/GirlReg/dress.uasset" 286
"../../../MyProject/Content/Characters/GirlReg/skin.uasset" 287
"../../../MyProject/Content/Characters/GirlReg/Child_Laying_PhysicsAsset.uasset" 288
"../../../MyProject/Content/Characters/GirlReg/Child_Laying.uasset" 289
"../../../MyProject/Content/Characters/GirlReg/CharacterUB_BP.uasset" 290
"../../../MyProject/Content/Audio/Lightning_SC.uasset" 291
"../../../MyProject/Content/Audio/LightningActor.uasset" 292
"../../../MyProject/Content/VirtualReality/Mannequin/Character/Mesh/MannequinHand_Right_Skeleton.uasset" 293
"../../../MyProject/Content/VirtualReality/Mannequin/Animations/MannequinHand_Right_CanGrab.uasset" 294
"../../../MyProject/Content/VirtualReality/Mannequin/Animations/MannequinHand_Right_Grab.uasset" 295
"../../../MyProject/Content/VirtualReality/Mannequin/Animations/MannequinHand_Right_Open.uasset" 296
"../../../MyProject/Content/VirtualReality/Mannequin/Animations/RightGrip_BS.uasset" 297
"../../../MyProject/Content/VirtualRealityBP/Blueprints/GripEnum.uasset" 298
"../../../MyProject/Content/VirtualReality/Mannequin/Animations/RightHand_AnimBP.uasset" 299
"../../../MyProject/Content/VirtualRealityBP/Blueprints/PickupActorInterface.uasset" 300
"../../../Engine/Content/Functions/Engine_MaterialFunctions02/Utility/CameraDirectionVector.uasset" 301
"../../../Engine/Content/Functions/Engine_MaterialFunctions02/Utility/DepthFromWorldPosition.uasset" 302
"../../../MyProject/Content/VirtualReality/Materials/MF_OccludedPixels.uasset" 303
"../../../MyProject/Content/VirtualReality/Materials/TeleportMCP.uasset" 304
"../../../Engine/Content/EngineMaterials/Good64x64TilingNoiseHighFreq.uasset" 305
"../../../MyProject/Content/VirtualReality/Materials/M_ArcEndpoint.uasset" 306
"../../../MyProject/Content/VirtualReality/Materials/M_SplineArcMat.uasset" 307
"../../../MyProject/Content/VirtualReality/Materials/M_TeleportPreviews.uasset" 308
"../../../MyProject/Content/VirtualReality/Materials/MI_ChaperoneOutline.uasset" 309
"../../../MyProject/Content/VirtualReality/Materials/MI_TeleportCylinderPreview.uasset" 310
"../../../Engine/Content/BasicShapes/Cylinder.uasset" 311
"../../../Engine/Content/BasicShapes/Sphere.uasset" 312
"../../../MyProject/Content/VirtualReality/Mannequin/Character/Textures/UE4_Mannequin__normals.uasset" 313
"../../../MyProject/Content/VirtualReality/Mannequin/Character/Textures/UE4_Mannequin_MAT_MASKA.uasset" 314
"../../../MyProject/Content/VirtualReality/Mannequin/Character/Materials/M_HandMat.uasset" 315
"../../../MyProject/Content/VirtualReality/Mannequin/Character/Mesh/MannequinHand_Right_PhysicsAsset.uasset" 316
"../../../MyProject/Content/VirtualReality/Mannequin/Character/Mesh/MannequinHand_Right.uasset" 317
"../../../Engine/Content/EngineMaterials/WorldGridMaterial.uasset" 318
"../../../MyProject/Content/VirtualReality/Meshes/1x1_cube.uasset" 319
"../../../MyProject/Content/VirtualReality/Meshes/BeaconDirection.uasset" 320
"../../../MyProject/Content/VirtualReality/Meshes/BeamMesh.uasset" 321
"../../../MyProject/Content/VirtualReality/Meshes/SM_FatCylinder.uasset" 322
"../../../MyProject/Content/VirtualRealityBP/Blueprints/BP_MotionController.uasset" 323
"../../../MyProject/Content/VirtualRealityBP/Blueprints/MotionControllerPawn.uasset" 324
"../../../MyProject/Content/StarterContent/Textures/T_MacroVariation.uasset" 325
"../../../MyProject/Content/StarterContent/Textures/T_Wood_Walnut_D.uasset" 326
"../../../MyProject/Content/StarterContent/Textures/T_Wood_Walnut_N.uasset" 327
"../../../MyProject/Content/StarterContent/Materials/M_Wood_Walnut.uasset" 328
"../../../MyProject/Content/Audio/Dialog/15_SC.uasset" 329
"../../../MyProject/Content/Audio/Door_Closing.uasset" 330
"../../../MyProject/Content/Audio/Door_Opening.uasset" 331
"../../../MyProject/Content/StarterContent/Materials/M_Glass.uasset" 332
"../../../MyProject/Content/StarterContent/Textures/T_Door_M.uasset" 333
"../../../MyProject/Content/StarterContent/Textures/T_Door_N.uasset" 334
"../../../MyProject/Content/StarterContent/Props/Materials/M_Door.uasset" 335
"../../../MyProject/Content/StarterContent/Props/SM_Door.uasset" 336
"../../../MyProject/Content/StarterContent/Textures/T_Frame_M.uasset" 337
"../../../MyProject/Content/StarterContent/Textures/T_Frame_N.uasset" 338
"../../../MyProject/Content/StarterContent/Props/Materials/M_Frame.uasset" 339
"../../../MyProject/Content/StarterContent/Props/SM_DoorFrame.uasset" 340
"../../../MyProject/Content/Door/DoorBP.uasset" 341
"../../../MyProject/Content/VirtualReality/Materials/M_BaseMaterial.uasset" 342
"../../../MyProject/Content/VirtualReality/Materials/MI_SmallCubes.uasset" 343
"../../../MyProject/Content/Audio/Book_SC.uasset" 344
"../../../MyProject/Content/Props/Book/phong1.uasset" 345
"../../../MyProject/Content/Props/Book/book_FBX.uasset" 346
"../../../MyProject/Content/Props/Book/PickUpBook_BP.uasset" 347
"../../../MyProject/Content/Audio/Dialog/03_SC.uasset" 348
"../../../MyProject/Content/TiggerBox/Trigger1stBedsideDiaglog_BP.uasset" 349
"../../../MyProject/Content/Audio/Dialog/02_SC.uasset" 350
"../../../MyProject/Content/TiggerBox/TriggerEntranceDiaglog_BP.uasset" 351
"../../../MyProject/Content/Props/Bed/DEEP_GREEN_PAINT.uasset" 352
"../../../MyProject/Content/StarterContent/Textures/T_Perlin_Noise_M.uasset" 353
"../../../MyProject/Content/StarterContent/Textures/T_Wood_Floor_Walnut_D.uasset" 354
"../../../MyProject/Content/StarterContent/Textures/T_Wood_Floor_Walnut_M.uasset" 355
"../../../MyProject/Content/StarterContent/Textures/T_Wood_Floor_Walnut_N.uasset" 356
"../../../MyProject/Content/StarterContent/Materials/M_Wood_Floor_Walnut_Polished.uasset" 357
"../../../Engine/Content/MapTemplates/Sky/DaylightAmbientCubemap.uasset" 358
"../../../MyProject/Content/StarterContent/Blueprints/Assets/M_LightStage_Skybox_Master.uasset" 359
"../../../MyProject/Content/StarterContent/Blueprints/Assets/M_LightStage_Skybox_Black.uasset" 360
"../../../MyProject/Content/Audio/Ambient_SC.uasset" 361
"../../../MyProject/Content/Audio/Dialog/01_SC.uasset" 362
"../../../MyProject/Content/Audio/Dialog/16_SC.uasset" 363
"../../../MyProject/Content/Props/Bed/GREEN_BEDSPREAD.uasset" 364
"../../../MyProject/Content/Props/Bed/SILVER.uasset" 365
"../../../MyProject/Content/Props/Bed/WHITE_SHEETS.uasset" 366
"../../../MyProject/Content/Props/Bed/Obj_Bed.uasset" 367
"../../../MyProject/Content/Props/Bookshelf/BOOKS_TEXTURE.uasset" 368
"../../../MyProject/Content/Props/Bookshelf/BOOKS.uasset" 369
"../../../MyProject/Content/Props/Bookshelf/BOOKS_FBX.uasset" 370
"../../../MyProject/Content/Props/Bookshelf/SHELF_TEXTURE.uasset" 371
"../../../MyProject/Content/Props/Bookshelf/SHELF.uasset" 372
"../../../MyProject/Content/Props/Bookshelf/SHELF_FBX.uasset" 373
"../../../MyProject/Content/Props/Frame/frametexture.uasset" 374
"../../../MyProject/Content/Props/Frame/frame2.uasset" 375
"../../../MyProject/Content/Props/Frame/frame.uasset" 376
"../../../MyProject/Content/Props/NightStand/Obj_sidetable.uasset" 377
"../../../MyProject/Content/VirtualRealityBP/Maps/ChildsRoom.umap" 378
"../../../Engine/Content/EngineMaterials/DefaultNormal.uasset" 379
"../../../Engine/Content/Maps/Entry.umap" 380
"../../../MyProject/Content/StarterContent/Blueprints/Assets/FogBrightnessLUT.uasset" 381
"../../../MyProject/Content/StarterContent/Blueprints/Assets/SunlightColorLUT.uasset" 382
"../../../MyProject/Content/StarterContent/Blueprints/Assets/M_LightStage_Arrows.uasset" 383
"../../../MyProject/Content/StarterContent/Blueprints/Assets/M_LightStage_Skybox_HDRI.uasset" 384
"../../../Engine/Content/EditorMaterials/Thumbnails/SkySphereMaterial.uasset" 385
"../../../MyProject/Content/StarterContent/Blueprints/Assets/Skybox.uasset" 386
"../../../MyProject/Content/StarterContent/Blueprints/Assets/SM_Arrows.uasset" 387
"../../../MyProject/Content/StarterContent/HDRI/HDRI_Epic_Courtyard_Daylight.uasset" 388
"../../../MyProject/Content/StarterContent/Blueprints/BP_LightStudio.uasset" 389
"../../../MyProject/Content/StarterContent/Materials/M_AssetPlatform.uasset" 390
"../../../Engine/Content/EditorMeshes/ColorCalibrator/M_ChromeBall.uasset" 391
"../../../Engine/Content/EditorMeshes/ColorCalibrator/M_ClearCoat.uasset" 392
"../../../Engine/Content/EditorMeshes/ColorCalibrator/M_ClearCoatBlack.uasset" 393
"../../../Engine/Content/EditorMeshes/ColorCalibrator/M_ColorGrid.uasset" 394
"../../../Engine/Content/EditorMeshes/ColorCalibrator/M_GreyBall.uasset" 395
"../../../Engine/Content/EditorMeshes/ColorCalibrator/SM_ColorCalibrator.uasset" 396
"../../../MyProject/Content/StarterContent/Architecture/SM_AssetPlatform.uasset" 397
"../../../MyProject/Content/StarterContent/Maps/Advanced_Lighting.umap" 398
"../../../MyProject/Content/StarterContent/Audio/Fire01_Cue.uasset" 399
"../../../MyProject/Content/StarterContent/Textures/T_Fire_SubUV.uasset" 400
"../../../MyProject/Content/StarterContent/Textures/T_Fire_Tiled_D.uasset" 401
"../../../MyProject/Content/StarterContent/Particles/Materials/M_Fire_SubUV.uasset" 402
"../../../MyProject/Content/StarterContent/Textures/T_Water_N.uasset" 403
"../../../MyProject/Content/StarterContent/Particles/Materials/M_Heat_Distortion.uasset" 404
"../../../MyProject/Content/StarterContent/Particles/Materials/M_Radial_Gradient.uasset" 405
"../../../MyProject/Content/StarterContent/Particles/P_Fire.uasset" 406
"../../../MyProject/Content/StarterContent/Blueprints/Blueprint_Effect_Fire.uasset" 407
"../../../MyProject/Content/StarterContent/Audio/Smoke01_Cue.uasset" 408
"../../../MyProject/Content/StarterContent/Particles/P_Smoke.uasset" 409
"../../../MyProject/Content/StarterContent/Blueprints/Blueprint_Effect_Smoke.uasset" 410
"../../../MyProject/Content/StarterContent/Audio/Fire_Sparks01_Cue.uasset" 411
"../../../MyProject/Content/StarterContent/Textures/T_Spark_Core.uasset" 412
"../../../MyProject/Content/StarterContent/Particles/Materials/M_Spark.uasset" 413
"../../../MyProject/Content/StarterContent/Particles/P_Sparks.uasset" 414
"../../../MyProject/Content/StarterContent/Blueprints/Blueprint_Effect_Sparks.uasset" 415
"../../../MyProject/Content/StarterContent/Audio/Steam01_Cue.uasset" 416
"../../../MyProject/Content/StarterContent/Particles/P_Steam_Lit.uasset" 417
"../../../MyProject/Content/StarterContent/Blueprints/Blueprint_Effect_Steam.uasset" 418
"../../../Engine/Content/EngineSky/C_Sky_Cloud_Color.uasset" 419
"../../../Engine/Content/EngineSky/C_Sky_Horizon_Color.uasset" 420
"../../../Engine/Content/EngineSky/C_Sky_Zenith_Color.uasset" 421
"../../../Engine/Content/EngineSky/T_Sky_Blue.uasset" 422
"../../../Engine/Content/EngineSky/T_Sky_Clouds_M.uasset" 423
"../../../Engine/Content/EngineSky/T_Sky_Stars.uasset" 424
"../../../Engine/Content/EngineSky/M_Sky_Panning_Clouds2.uasset" 425
"../../../Engine/Content/EngineSky/SM_SkySphere.uasset" 426
"../../../Engine/Content/EngineSky/BP_Sky_Sphere.uasset" 427
"../../../MyProject/Content/StarterContent/Textures/T_Lamp_M.uasset" 428
"../../../MyProject/Content/StarterContent/Textures/T_Lamp_N.uasset" 429
"../../../MyProject/Content/StarterContent/Props/Materials/M_Lamp.uasset" 430
"../../../MyProject/Content/StarterContent/Props/SM_Lamp_Ceiling.uasset" 431
"../../../MyProject/Content/StarterContent/Blueprints/Blueprint_CeilingLight.uasset" 432
"../../../MyProject/Content/StarterContent/Props/SM_Lamp_Wall.uasset" 433
"../../../MyProject/Content/StarterContent/Blueprints/Blueprint_WallSconce.uasset" 434
"../../../Engine/Content/Functions/Engine_MaterialFunctions03/Procedurals/ComputeFilterWidth.uasset" 435
"../../../Engine/Content/EngineMaterials/AntiAliasedTextMaterialTranslucent.uasset" 436
"../../../MyProject/Content/StarterContent/Textures/T_Brick_Clay_Beveled_D.uasset" 437
"../../../MyProject/Content/StarterContent/Textures/T_Brick_Clay_Beveled_M.uasset" 438
"../../../MyProject/Content/StarterContent/Textures/T_Brick_Clay_Beveled_N.uasset" 439
"../../../MyProject/Content/StarterContent/Materials/M_Brick_Clay_Beveled.uasset" 440
"../../../MyProject/Content/StarterContent/Textures/T_Brick_Clay_New_D.uasset" 441
"../../../MyProject/Content/StarterContent/Textures/T_Brick_Clay_New_M.uasset" 442
"../../../MyProject/Content/StarterContent/Textures/T_Brick_Clay_New_N.uasset" 443
"../../../MyProject/Content/StarterContent/Materials/M_Brick_Clay_New.uasset" 444
"../../../MyProject/Content/StarterContent/Textures/T_Brick_Clay_Old_D.uasset" 445
"../../../MyProject/Content/StarterContent/Textures/T_Brick_Clay_Old_N.uasset" 446
"../../../MyProject/Content/StarterContent/Materials/M_Brick_Clay_Old.uasset" 447
"../../../MyProject/Content/StarterContent/Textures/T_Brick_Cut_Stone_D.uasset" 448
"../../../MyProject/Content/StarterContent/Textures/T_Brick_Cut_Stone_N.uasset" 449
"../../../MyProject/Content/StarterContent/Materials/M_Brick_Cut_Stone.uasset" 450
"../../../MyProject/Content/StarterContent/Textures/T_Brick_Hewn_Stone_D.uasset" 451
"../../../MyProject/Content/StarterContent/Textures/T_Brick_Hewn_Stone_M.uasset" 452
"../../../MyProject/Content/StarterContent/Textures/T_Brick_Hewn_Stone_N.uasset" 453
"../../../MyProject/Content/StarterContent/Materials/M_Brick_Hewn_Stone.uasset" 454
"../../../MyProject/Content/StarterContent/Textures/T_Ceramic_Tile_M.uasset" 455
"../../../MyProject/Content/StarterContent/Textures/T_Ceramic_Tile_N.uasset" 456
"../../../MyProject/Content/StarterContent/Textures/T_Rock_Marble_Polished_D.uasset" 457
"../../../MyProject/Content/StarterContent/Materials/M_Ceramic_Tile_Checker.uasset" 458
"../../../MyProject/Content/StarterContent/Textures/T_CobbleStone_Pebble_D.uasset" 459
"../../../MyProject/Content/StarterContent/Textures/T_CobbleStone_Pebble_M.uasset" 460
"../../../MyProject/Content/StarterContent/Textures/T_CobbleStone_Pebble_N.uasset" 461
"../../../MyProject/Content/StarterContent/Materials/M_CobbleStone_Pebble.uasset" 462
"../../../MyProject/Content/StarterContent/Textures/T_CobbleStone_Rough_D.uasset" 463
"../../../MyProject/Content/StarterContent/Textures/T_CobbleStone_Rough_N.uasset" 464
"../../../MyProject/Content/StarterContent/Textures/T_Gradinet_01.uasset" 465
"../../../MyProject/Content/StarterContent/Textures/T_Rock_Smooth_Granite_D.uasset" 466
"../../../MyProject/Content/StarterContent/Materials/M_CobbleStone_Rough.uasset" 467
"../../../MyProject/Content/StarterContent/Textures/T_CobbleStone_Smooth_D.uasset" 468
"../../../MyProject/Content/StarterContent/Textures/T_CobbleStone_Smooth_M.uasset" 469
"../../../MyProject/Content/StarterContent/Textures/T_CobbleStone_Smooth_N.uasset" 470
"../../../MyProject/Content/StarterContent/Materials/M_CobbleStone_Smooth.uasset" 471
"../../../MyProject/Content/StarterContent/Textures/T_Concrete_Grime_D.uasset" 472
"../../../MyProject/Content/StarterContent/Textures/T_Metal_Rust_N.uasset" 473
"../../../MyProject/Content/StarterContent/Materials/M_Concrete_Grime.uasset" 474
"../../../MyProject/Content/StarterContent/Textures/T_Concrete_Panels_D.uasset" 475
"../../../MyProject/Content/StarterContent/Textures/T_Concrete_Panels_N.uasset" 476
"../../../MyProject/Content/StarterContent/Materials/M_Concrete_Panels.uasset" 477
"../../../MyProject/Content/StarterContent/Textures/T_Concrete_Poured_D.uasset" 478
"../../../MyProject/Content/StarterContent/Textures/T_Concrete_Poured_N.uasset" 479
"../../../MyProject/Content/StarterContent/Materials/M_Concrete_Poured.uasset" 480
"../../../MyProject/Content/StarterContent/Textures/T_Concrete_Tiles_D.uasset" 481
"../../../MyProject/Content/StarterContent/Textures/T_Concrete_Tiles_M.uasset" 482
"../../../MyProject/Content/StarterContent/Textures/T_Concrete_Tiles_N.uasset" 483
"../../../MyProject/Content/StarterContent/Textures/T_Concrete_Tiles_Variation_M.uasset" 484
"../../../MyProject/Content/StarterContent/Materials/M_Concrete_Tiles.uasset" 485
"../../../MyProject/Content/StarterContent/Textures/T_Ground_Grass_D.uasset" 486
"../../../MyProject/Content/StarterContent/Textures/T_Ground_Grass_N.uasset" 487
"../../../MyProject/Content/StarterContent/Materials/M_Ground_Grass.uasset" 488
"../../../MyProject/Content/StarterContent/Textures/T_Ground_Gravel_D.uasset" 489
"../../../MyProject/Content/StarterContent/Textures/T_Ground_Gravel_N.uasset" 490
"../../../MyProject/Content/StarterContent/Materials/M_Ground_Gravel.uasset" 491
"../../../MyProject/Content/StarterContent/Textures/T_ground_Moss_D.uasset" 492
"../../../MyProject/Content/StarterContent/Textures/T_Ground_Moss_N.uasset" 493
"../../../MyProject/Content/StarterContent/Materials/M_Ground_Moss.uasset" 494
"../../../MyProject/Content/StarterContent/Materials/M_Metal_Brushed_Nickel.uasset" 495
"../../../MyProject/Content/StarterContent/Textures/T_Metal_Aluminum_D.uasset" 496
"../../../MyProject/Content/StarterContent/Textures/T_Metal_Gold_N.uasset" 497
"../../../MyProject/Content/StarterContent/Materials/M_Metal_Burnished_Steel.uasset" 498
"../../../MyProject/Content/StarterContent/Materials/M_Metal_Chrome.uasset" 499
"../../../MyProject/Content/StarterContent/Textures/T_Metal_Copper_D.uasset" 500
"../../../MyProject/Content/StarterContent/Materials/M_Metal_Copper.uasset" 501
"../../../MyProject/Content/StarterContent/Textures/T_Metal_Gold_D.uasset" 502
"../../../MyProject/Content/StarterContent/Materials/M_Metal_Gold.uasset" 503
"../../../MyProject/Content/StarterContent/Textures/T_Metal_Rust_D.uasset" 504
"../../../MyProject/Content/StarterContent/Materials/M_Metal_Rust.uasset" 505
"../../../MyProject/Content/StarterContent/Textures/T_Metal_Steel_D.uasset" 506
"../../../MyProject/Content/StarterContent/Textures/T_Metal_Steel_N.uasset" 507
"../../../MyProject/Content/StarterContent/Materials/M_Metal_Steel.uasset" 508
"../../../MyProject/Content/StarterContent/Textures/T_Rock_Basalt_N.uasset" 509
"../../../MyProject/Content/StarterContent/Materials/M_Rock_Basalt.uasset" 510
"../../../MyProject/Content/StarterContent/Materials/M_Rock_Marble_Polished.uasset" 511
"../../../MyProject/Content/StarterContent/Textures/T_Rock_Sandstone_D.uasset" 512
"../../../MyProject/Content/StarterContent/Textures/T_Rock_Sandstone_N.uasset" 513
"../../../MyProject/Content/StarterContent/Materials/M_Rock_Sandstone.uasset" 514
"../../../MyProject/Content/StarterContent/Textures/T_Rock_Slate_D.uasset" 515
"../../../MyProject/Content/StarterContent/Textures/T_Rock_Slate_N.uasset" 516
"../../../MyProject/Content/StarterContent/Materials/M_Rock_Slate.uasset" 517
"../../../MyProject/Content/StarterContent/Textures/T_Checker_Noise_M.uasset" 518
"../../../MyProject/Content/StarterContent/Textures/T_Single_Tile_N.uasset" 519
"../../../MyProject/Content/StarterContent/Textures/T_Tech_Dot_M.uasset" 520
"../../../MyProject/Content/StarterContent/Textures/T_Tech_Dot_N.uasset" 521
"../../../MyProject/Content/StarterContent/Materials/M_Tech_Checker_Dot.uasset" 522
"../../../MyProject/Content/StarterContent/Textures/T_Tech_Hex_Tile_M.uasset" 523
"../../../MyProject/Content/StarterContent/Textures/T_Tech_Hex_Tile_N.uasset" 524
"../../../MyProject/Content/StarterContent/Materials/M_Tech_Hex_Tile.uasset" 525
"../../../MyProject/Content/StarterContent/Materials/M_Tech_Hex_Tile_Pulse.uasset" 526
"../../../MyProject/Content/StarterContent/Textures/T_Tech_Panel_M.uasset" 527
"../../../MyProject/Content/StarterContent/Textures/T_Tech_Panel_N.uasset" 528
"../../../MyProject/Content/StarterContent/Materials/M_Tech_Panel.uasset" 529
"../../../MyProject/Content/StarterContent/Materials/M_Water_Lake.uasset" 530
"../../../MyProject/Content/StarterContent/Textures/T_Water_M.uasset" 531
"../../../MyProject/Content/StarterContent/Materials/M_Water_Ocean.uasset" 532
"../../../Engine/Content/Functions/Engine_MaterialFunctions01/Opacity/AlphaOffset.uasset" 533
"../../../MyProject/Content/StarterContent/Materials/M_Wood_Floor_Walnut_Worn.uasset" 534
"../../../MyProject/Content/StarterContent/Textures/T_Wood_Oak_D.uasset" 535
"../../../MyProject/Content/StarterContent/Textures/T_Wood_Oak_N.uasset" 536
"../../../MyProject/Content/StarterContent/Materials/M_Wood_Oak.uasset" 537
"../../../MyProject/Content/StarterContent/Textures/T_Wood_Pine_D.uasset" 538
"../../../MyProject/Content/StarterContent/Textures/T_Wood_Pine_N.uasset" 539
"../../../MyProject/Content/StarterContent/Materials/M_Wood_Pine.uasset" 540
"../../../MyProject/Content/StarterContent/Architecture/Floor_400x400.uasset" 541
"../../../MyProject/Content/StarterContent/Architecture/Wall_400x200.uasset" 542
"../../../MyProject/Content/StarterContent/Architecture/Wall_Door_400x300.uasset" 543
"../../../MyProject/Content/StarterContent/Architecture/Wall_Window_400x300.uasset" 544
"../../../MyProject/Content/StarterContent/Audio/Collapse_Cue.uasset" 545
"../../../MyProject/Content/StarterContent/Audio/Starter_Background_Cue.uasset" 546
"../../../MyProject/Content/StarterContent/Audio/Starter_Music_Cue.uasset" 547
"../../../MyProject/Content/StarterContent/Textures/T_Dust_Particle_D.uasset" 548
"../../../MyProject/Content/StarterContent/Particles/Materials/M_Dust_Particle.uasset" 549
"../../../MyProject/Content/StarterContent/Particles/P_Ambient_Dust.uasset" 550
"../../../MyProject/Content/StarterContent/Props/MaterialSphere.uasset" 551
"../../../MyProject/Content/StarterContent/Props/SM_Chair.uasset" 552
"../../../MyProject/Content/StarterContent/Props/SM_CornerFrame.uasset" 553
"../../../MyProject/Content/StarterContent/Props/SM_GlassWindow.uasset" 554
"../../../MyProject/Content/StarterContent/Props/SM_PillarFrame.uasset" 555
"../../../MyProject/Content/StarterContent/Props/SM_PillarFrame300.uasset" 556
"../../../MyProject/Content/StarterContent/Textures/T_Statue_M.uasset" 557
"../../../MyProject/Content/StarterContent/Textures/T_Statue_N.uasset" 558
"../../../MyProject/Content/StarterContent/Props/Materials/M_Statue.uasset" 559
"../../../MyProject/Content/StarterContent/Props/Materials/M_StatueGlass.uasset" 560
"../../../MyProject/Content/StarterContent/Props/SM_Statue.uasset" 561
"../../../MyProject/Content/StarterContent/Textures/T_TableRound_M.uasset" 562
"../../../MyProject/Content/StarterContent/Textures/T_TableRound_N.uasset" 563
"../../../MyProject/Content/StarterContent/Props/Materials/M_TableRound.uasset" 564
"../../../MyProject/Content/StarterContent/Props/SM_TableRound.uasset" 565
"../../../MyProject/Content/StarterContent/Props/SM_WindowFrame.uasset" 566
"../../../MyProject/Content/StarterContent/Shapes/Shape_Cube.uasset" 567
"../../../MyProject/Content/StarterContent/Shapes/Shape_QuadPyramid.uasset" 568
"../../../MyProject/Content/StarterContent/Shapes/Shape_Sphere.uasset" 569
"../../../MyProject/Content/StarterContent/Maps/StarterMap.umap" 570
"../../../MyProject/Content/StarterContent/Maps/Minimal_Default.umap" 571
"../../../MyProject/Content/Characters/GirlReg/CharacterBP.uasset" 572
"../../../MyProject/Content/VirtualRealityBP/Maps/EndTitles.umap" 573
"../../../MyProject/Content/VirtualRealityBP/Blueprints/HMDLocomotionPawn.uasset" 574
"../../../MyProject/Content/Geometry/Meshes/1M_Cube.uasset" 575
"../../../MyProject/Content/VirtualRealityBP/Maps/HMDLocomotionMap.umap" 576
"../../../MyProject/Content/VirtualRealityBP/Blueprints/BP_PickupCube.uasset" 577
"../../../Engine/Content/BasicShapes/BasicShapeMaterial.uasset" 578
"../../../Engine/Content/BasicShapes/Cube.uasset" 579
"../../../MyProject/Content/Audio/Book_Interaction.uasset" 580
"../../../MyProject/Content/StarterContent/Architecture/Wall_400x400.uasset" 581
"../../../MyProject/Content/StarterContent/Architecture/Wall_Door_400x400.uasset" 582
"../../../MyProject/Content/StarterContent/Architecture/Wall_Window_400x400.uasset" 583
"../../../MyProject/Content/VirtualRealityBP/Maps/MotionControllerMap.umap" 584
"../../../Engine/Content/VREditor/Devices/Generic/GenericHMDMaterial.uasset" 585
"../../../Engine/Content/VREditor/Devices/Generic/GenericHMD.uasset" 586
"../../../MyProject/Content/VirtualRealityBP/Maps/StartupMap.umap" 587
